Analysis & Synthesis report for V_Processor
Mon Jan 13 21:20:59 2025
Quartus Prime Version 23.1std.1 Build 993 05/14/2024 SC Lite Edition


---------------------
; Table of Contents ;
---------------------
  1. Legal Notice
  2. Analysis & Synthesis Summary
  3. Analysis & Synthesis Settings
  4. Parallel Compilation
  5. Analysis & Synthesis Source Files Read
  6. Analysis & Synthesis Resource Usage Summary
  7. Analysis & Synthesis Resource Utilization by Entity
  8. Registers Removed During Synthesis
  9. General Register Statistics
 10. Inverted Register Statistics
 11. Multiplexer Restructuring Statistics (Restructuring Performed)
 12. Parameter Settings for User Entity Instance: LIBRERIA_DHT11_REVA:LIBRERIA_DHT11_REVA_inst
 13. Port Connectivity Checks: "LIBRERIA_DHT11_REVA:LIBRERIA_DHT11_REVA_inst"
 14. Post-Synthesis Netlist Statistics for Top Partition
 15. Elapsed Time Per Partition
 16. Analysis & Synthesis Messages



----------------
; Legal Notice ;
----------------
Copyright (C) 2024  Intel Corporation. All rights reserved.
Your use of Intel Corporation's design tools, logic functions 
and other software and tools, and any partner logic 
functions, and any output files from any of the foregoing 
(including device programming or simulation files), and any 
associated documentation or information are expressly subject 
to the terms and conditions of the Intel Program License 
Subscription Agreement, the Intel Quartus Prime License Agreement,
the Intel FPGA IP License Agreement, or other applicable license
agreement, including, without limitation, that your use is for
the sole purpose of programming logic devices manufactured by
Intel and sold by Intel or its authorized distributors.  Please
refer to the applicable agreement for further details, at
https://fpgasoftware.intel.com/eula.



+-------------------------------------------------------------------------------------+
; Analysis & Synthesis Summary                                                        ;
+------------------------------------+------------------------------------------------+
; Analysis & Synthesis Status        ; Successful - Mon Jan 13 21:20:59 2025          ;
; Quartus Prime Version              ; 23.1std.1 Build 993 05/14/2024 SC Lite Edition ;
; Revision Name                      ; V_Processor                                    ;
; Top-level Entity Name              ; V_Processor                                    ;
; Family                             ; Cyclone IV E                                   ;
; Total logic elements               ; 308                                            ;
;     Total combinational functions  ; 270                                            ;
;     Dedicated logic registers      ; 168                                            ;
; Total registers                    ; 168                                            ;
; Total pins                         ; 46                                             ;
; Total virtual pins                 ; 0                                              ;
; Total memory bits                  ; 0                                              ;
; Embedded Multiplier 9-bit elements ; 0                                              ;
; Total PLLs                         ; 0                                              ;
+------------------------------------+------------------------------------------------+


+------------------------------------------------------------------------------------------------------------+
; Analysis & Synthesis Settings                                                                              ;
+------------------------------------------------------------------+--------------------+--------------------+
; Option                                                           ; Setting            ; Default Value      ;
+------------------------------------------------------------------+--------------------+--------------------+
; Device                                                           ; EP4CE6E22C8        ;                    ;
; Top-level entity name                                            ; V_Processor        ; V_Processor        ;
; Family name                                                      ; Cyclone IV E       ; Cyclone V          ;
; Use smart compilation                                            ; Off                ; Off                ;
; Enable parallel Assembler and Timing Analyzer during compilation ; On                 ; On                 ;
; Enable compact report table                                      ; Off                ; Off                ;
; Restructure Multiplexers                                         ; Auto               ; Auto               ;
; Create Debugging Nodes for IP Cores                              ; Off                ; Off                ;
; Preserve fewer node names                                        ; On                 ; On                 ;
; Intel FPGA IP Evaluation Mode                                    ; Enable             ; Enable             ;
; Verilog Version                                                  ; Verilog_2001       ; Verilog_2001       ;
; VHDL Version                                                     ; VHDL_1993          ; VHDL_1993          ;
; State Machine Processing                                         ; Auto               ; Auto               ;
; Safe State Machine                                               ; Off                ; Off                ;
; Extract Verilog State Machines                                   ; On                 ; On                 ;
; Extract VHDL State Machines                                      ; On                 ; On                 ;
; Ignore Verilog initial constructs                                ; Off                ; Off                ;
; Iteration limit for constant Verilog loops                       ; 5000               ; 5000               ;
; Iteration limit for non-constant Verilog loops                   ; 250                ; 250                ;
; Add Pass-Through Logic to Inferred RAMs                          ; On                 ; On                 ;
; Infer RAMs from Raw Logic                                        ; On                 ; On                 ;
; Parallel Synthesis                                               ; On                 ; On                 ;
; DSP Block Balancing                                              ; Auto               ; Auto               ;
; NOT Gate Push-Back                                               ; On                 ; On                 ;
; Power-Up Don't Care                                              ; On                 ; On                 ;
; Remove Redundant Logic Cells                                     ; Off                ; Off                ;
; Remove Duplicate Registers                                       ; On                 ; On                 ;
; Ignore CARRY Buffers                                             ; Off                ; Off                ;
; Ignore CASCADE Buffers                                           ; Off                ; Off                ;
; Ignore GLOBAL Buffers                                            ; Off                ; Off                ;
; Ignore ROW GLOBAL Buffers                                        ; Off                ; Off                ;
; Ignore LCELL Buffers                                             ; Off                ; Off                ;
; Ignore SOFT Buffers                                              ; On                 ; On                 ;
; Limit AHDL Integers to 32 Bits                                   ; Off                ; Off                ;
; Optimization Technique                                           ; Balanced           ; Balanced           ;
; Carry Chain Length                                               ; 70                 ; 70                 ;
; Auto Carry Chains                                                ; On                 ; On                 ;
; Auto Open-Drain Pins                                             ; On                 ; On                 ;
; Perform WYSIWYG Primitive Resynthesis                            ; Off                ; Off                ;
; Auto ROM Replacement                                             ; On                 ; On                 ;
; Auto RAM Replacement                                             ; On                 ; On                 ;
; Auto DSP Block Replacement                                       ; On                 ; On                 ;
; Auto Shift Register Replacement                                  ; Auto               ; Auto               ;
; Allow Shift Register Merging across Hierarchies                  ; Auto               ; Auto               ;
; Auto Clock Enable Replacement                                    ; On                 ; On                 ;
; Strict RAM Replacement                                           ; Off                ; Off                ;
; Allow Synchronous Control Signals                                ; On                 ; On                 ;
; Force Use of Synchronous Clear Signals                           ; Off                ; Off                ;
; Auto RAM Block Balancing                                         ; On                 ; On                 ;
; Auto RAM to Logic Cell Conversion                                ; Off                ; Off                ;
; Auto Resource Sharing                                            ; Off                ; Off                ;
; Allow Any RAM Size For Recognition                               ; Off                ; Off                ;
; Allow Any ROM Size For Recognition                               ; Off                ; Off                ;
; Allow Any Shift Register Size For Recognition                    ; Off                ; Off                ;
; Use LogicLock Constraints during Resource Balancing              ; On                 ; On                 ;
; Ignore translate_off and synthesis_off directives                ; Off                ; Off                ;
; Timing-Driven Synthesis                                          ; On                 ; On                 ;
; Report Parameter Settings                                        ; On                 ; On                 ;
; Report Source Assignments                                        ; On                 ; On                 ;
; Report Connectivity Checks                                       ; On                 ; On                 ;
; Ignore Maximum Fan-Out Assignments                               ; Off                ; Off                ;
; Synchronization Register Chain Length                            ; 2                  ; 2                  ;
; Power Optimization During Synthesis                              ; Normal compilation ; Normal compilation ;
; HDL message level                                                ; Level2             ; Level2             ;
; Suppress Register Optimization Related Messages                  ; Off                ; Off                ;
; Number of Removed Registers Reported in Synthesis Report         ; 5000               ; 5000               ;
; Number of Swept Nodes Reported in Synthesis Report               ; 5000               ; 5000               ;
; Number of Inverted Registers Reported in Synthesis Report        ; 100                ; 100                ;
; Clock MUX Protection                                             ; On                 ; On                 ;
; Auto Gated Clock Conversion                                      ; Off                ; Off                ;
; Block Design Naming                                              ; Auto               ; Auto               ;
; SDC constraint protection                                        ; Off                ; Off                ;
; Synthesis Effort                                                 ; Auto               ; Auto               ;
; Shift Register Replacement - Allow Asynchronous Clear Signal     ; On                 ; On                 ;
; Pre-Mapping Resynthesis Optimization                             ; Off                ; Off                ;
; Analysis & Synthesis Message Level                               ; Medium             ; Medium             ;
; Disable Register Merging Across Hierarchies                      ; Auto               ; Auto               ;
; Resource Aware Inference For Block RAM                           ; On                 ; On                 ;
+------------------------------------------------------------------+--------------------+--------------------+


+------------------------------------------+
; Parallel Compilation                     ;
+----------------------------+-------------+
; Processors                 ; Number      ;
+----------------------------+-------------+
; Number detected on machine ; 8           ;
; Maximum allowed            ; 4           ;
;                            ;             ;
; Average used               ; 1.00        ;
; Maximum used               ; 4           ;
;                            ;             ;
; Usage by Processor         ; % Time Used ;
;     Processor 1            ; 100.0%      ;
;     Processors 2-4         ;   0.0%      ;
+----------------------------+-------------+


+----------------------------------------------------------------------------------------------------------------------------------------------+
; Analysis & Synthesis Source Files Read                                                                                                       ;
+----------------------------------+-----------------+-----------------+-------------------------------------------------------------+---------+
; File Name with User-Entered Path ; Used in Netlist ; File Type       ; File Name with Absolute Path                                ; Library ;
+----------------------------------+-----------------+-----------------+-------------------------------------------------------------+---------+
; V_Processor.vhd                  ; yes             ; User VHDL File  ; G:/Mi unidad/Octavo/DLP/V_Processor/V_Processor.vhd         ;         ;
; ignition.vhd                     ; yes             ; User VHDL File  ; G:/Mi unidad/Octavo/DLP/V_Processor/ignition.vhd            ;         ;
; interior_lights.vhd              ; yes             ; User VHDL File  ; G:/Mi unidad/Octavo/DLP/V_Processor/interior_lights.vhd     ;         ;
; hazard_lights.vhd                ; yes             ; User VHDL File  ; G:/Mi unidad/Octavo/DLP/V_Processor/hazard_lights.vhd       ;         ;
; blind_spot_sensors.vhd           ; yes             ; User VHDL File  ; G:/Mi unidad/Octavo/DLP/V_Processor/blind_spot_sensors.vhd  ;         ;
; direction_lights.vhd             ; yes             ; User VHDL File  ; G:/Mi unidad/Octavo/DLP/V_Processor/direction_lights.vhd    ;         ;
; head_lights.vhd                  ; yes             ; User VHDL File  ; G:/Mi unidad/Octavo/DLP/V_Processor/head_lights.vhd         ;         ;
; LIBRERIA_DHT11_REVA.vhd          ; yes             ; User VHDL File  ; G:/Mi unidad/Octavo/DLP/V_Processor/LIBRERIA_DHT11_REVA.vhd ;         ;
; Data_Processor.vhd               ; yes             ; User VHDL File  ; G:/Mi unidad/Octavo/DLP/V_Processor/Data_Processor.vhd      ;         ;
; PWM_Controller.vhd               ; yes             ; User VHDL File  ; G:/Mi unidad/Octavo/DLP/V_Processor/PWM_Controller.vhd      ;         ;
+----------------------------------+-----------------+-----------------+-------------------------------------------------------------+---------+


+---------------------------------------------------------+
; Analysis & Synthesis Resource Usage Summary             ;
+---------------------------------------------+-----------+
; Resource                                    ; Usage     ;
+---------------------------------------------+-----------+
; Estimated Total logic elements              ; 308       ;
;                                             ;           ;
; Total combinational functions               ; 270       ;
; Logic element usage by number of LUT inputs ;           ;
;     -- 4 input functions                    ; 113       ;
;     -- 3 input functions                    ; 62        ;
;     -- <=2 input functions                  ; 95        ;
;                                             ;           ;
; Logic elements by mode                      ;           ;
;     -- normal mode                          ; 186       ;
;     -- arithmetic mode                      ; 84        ;
;                                             ;           ;
; Total registers                             ; 168       ;
;     -- Dedicated logic registers            ; 168       ;
;     -- I/O registers                        ; 0         ;
;                                             ;           ;
; I/O pins                                    ; 46        ;
;                                             ;           ;
; Embedded Multiplier 9-bit elements          ; 0         ;
;                                             ;           ;
; Maximum fan-out node                        ; clk~input ;
; Maximum fan-out                             ; 164       ;
; Total fan-out                               ; 1310      ;
; Average fan-out                             ; 2.47      ;
+---------------------------------------------+-----------+


+-------------------------------------------------------------------------------------------------------------------------------------------------------------------------------------------------------------------------------------------------------------------------------+
; Analysis & Synthesis Resource Utilization by Entity                                                                                                                                                                                                                           ;
+---------------------------------------------------+---------------------+---------------------------+-------------+--------------+---------+-----------+------+--------------+-----------------------------------------------------------+---------------------+--------------+
; Compilation Hierarchy Node                        ; Combinational ALUTs ; Dedicated Logic Registers ; Memory Bits ; DSP Elements ; DSP 9x9 ; DSP 18x18 ; Pins ; Virtual Pins ; Full Hierarchy Name                                       ; Entity Name         ; Library Name ;
+---------------------------------------------------+---------------------+---------------------------+-------------+--------------+---------+-----------+------+--------------+-----------------------------------------------------------+---------------------+--------------+
; |V_Processor                                      ; 270 (0)             ; 168 (0)                   ; 0           ; 0            ; 0       ; 0         ; 46   ; 0            ; |V_Processor                                              ; V_Processor         ; work         ;
;    |LIBRERIA_DHT11_REVA:LIBRERIA_DHT11_REVA_inst| ; 185 (185)           ; 127 (127)                 ; 0           ; 0            ; 0       ; 0         ; 0    ; 0            ; |V_Processor|LIBRERIA_DHT11_REVA:LIBRERIA_DHT11_REVA_inst ; LIBRERIA_DHT11_REVA ; work         ;
;    |PWM_Controller:PWM_Inst|                      ; 13 (13)             ; 9 (9)                     ; 0           ; 0            ; 0       ; 0         ; 0    ; 0            ; |V_Processor|PWM_Controller:PWM_Inst                      ; PWM_Controller      ; work         ;
;    |blind_spot_sensors:blindspot_sensors_inst|    ; 1 (1)               ; 0 (0)                     ; 0           ; 0            ; 0       ; 0         ; 0    ; 0            ; |V_Processor|blind_spot_sensors:blindspot_sensors_inst    ; blind_spot_sensors  ; work         ;
;    |direction_lights:direction_lights_inst|       ; 2 (2)               ; 0 (0)                     ; 0           ; 0            ; 0       ; 0         ; 0    ; 0            ; |V_Processor|direction_lights:direction_lights_inst       ; direction_lights    ; work         ;
;    |hazard_lights:hazar_lights_inst|              ; 1 (1)               ; 0 (0)                     ; 0           ; 0            ; 0       ; 0         ; 0    ; 0            ; |V_Processor|hazard_lights:hazar_lights_inst              ; hazard_lights       ; work         ;
;    |head_lights:head_lights_inst|                 ; 10 (10)             ; 0 (0)                     ; 0           ; 0            ; 0       ; 0         ; 0    ; 0            ; |V_Processor|head_lights:head_lights_inst                 ; head_lights         ; work         ;
;    |ignition:ignition_inst|                       ; 56 (56)             ; 32 (32)                   ; 0           ; 0            ; 0       ; 0         ; 0    ; 0            ; |V_Processor|ignition:ignition_inst                       ; ignition            ; work         ;
;    |interior_lights:interior_lights_inst|         ; 2 (2)               ; 0 (0)                     ; 0           ; 0            ; 0       ; 0         ; 0    ; 0            ; |V_Processor|interior_lights:interior_lights_inst         ; interior_lights     ; work         ;
+---------------------------------------------------+---------------------+---------------------------+-------------+--------------+---------+-----------+------+--------------+-----------------------------------------------------------+---------------------+--------------+
Note: For table entries with two numbers listed, the numbers in parentheses indicate the number of resources of the given type used by the specific entity alone. The numbers listed outside of parentheses indicate the total resources of the given type used by the specific entity and all of its sub-entities in the hierarchy.


+-------------------------------------------------------------------------------------------------+
; Registers Removed During Synthesis                                                              ;
+--------------------------------------------------------+----------------------------------------+
; Register name                                          ; Reason for Removal                     ;
+--------------------------------------------------------+----------------------------------------+
; LIBRERIA_DHT11_REVA:LIBRERIA_DHT11_REVA_inst|DATA~reg0 ; Stuck at GND due to stuck port data_in ;
; LIBRERIA_DHT11_REVA:LIBRERIA_DHT11_REVA_inst|RH[0]     ; Lost fanout                            ;
; Total Number of Removed Registers = 2                  ;                                        ;
+--------------------------------------------------------+----------------------------------------+


+------------------------------------------------------+
; General Register Statistics                          ;
+----------------------------------------------+-------+
; Statistic                                    ; Value ;
+----------------------------------------------+-------+
; Total registers                              ; 168   ;
; Number of registers using Synchronous Clear  ; 27    ;
; Number of registers using Synchronous Load   ; 0     ;
; Number of registers using Asynchronous Clear ; 8     ;
; Number of registers using Asynchronous Load  ; 0     ;
; Number of registers using Clock Enable       ; 48    ;
; Number of registers using Preset             ; 0     ;
+----------------------------------------------+-------+


+-------------------------------------------------------------+
; Inverted Register Statistics                                ;
+---------------------------------------------------+---------+
; Inverted Register                                 ; Fan out ;
+---------------------------------------------------+---------+
; ignition:ignition_inst|activar                    ; 3       ;
; LIBRERIA_DHT11_REVA:LIBRERIA_DHT11_REVA_inst|i[3] ; 7       ;
; LIBRERIA_DHT11_REVA:LIBRERIA_DHT11_REVA_inst|i[5] ; 7       ;
; Total number of inverted registers = 3            ;         ;
+---------------------------------------------------+---------+


+----------------------------------------------------------------------------------------------------------------------------------------------------------------------------------+
; Multiplexer Restructuring Statistics (Restructuring Performed)                                                                                                                   ;
+--------------------+-----------+---------------+----------------------+------------------------+------------+--------------------------------------------------------------------+
; Multiplexer Inputs ; Bus Width ; Baseline Area ; Area if Restructured ; Saving if Restructured ; Registered ; Example Multiplexer Output                                         ;
+--------------------+-----------+---------------+----------------------+------------------------+------------+--------------------------------------------------------------------+
; 3:1                ; 7 bits    ; 14 LEs        ; 0 LEs                ; 14 LEs                 ; Yes        ; |V_Processor|LIBRERIA_DHT11_REVA:LIBRERIA_DHT11_REVA_inst|RH[5]    ;
; 3:1                ; 26 bits   ; 52 LEs        ; 0 LEs                ; 52 LEs                 ; Yes        ; |V_Processor|LIBRERIA_DHT11_REVA:LIBRERIA_DHT11_REVA_inst|cont2[9] ;
; 3:1                ; 4 bits    ; 8 LEs         ; 4 LEs                ; 4 LEs                  ; Yes        ; |V_Processor|LIBRERIA_DHT11_REVA:LIBRERIA_DHT11_REVA_inst|i[2]     ;
; 3:1                ; 2 bits    ; 4 LEs         ; 2 LEs                ; 2 LEs                  ; Yes        ; |V_Processor|LIBRERIA_DHT11_REVA:LIBRERIA_DHT11_REVA_inst|i[5]     ;
; 3:1                ; 2 bits    ; 4 LEs         ; 2 LEs                ; 2 LEs                  ; No         ; |V_Processor|head_lights:head_lights_inst|quarter_lights[0]        ;
+--------------------+-----------+---------------+----------------------+------------------------+------------+--------------------------------------------------------------------+


+-------------------------------------------------------------------------------------------+
; Parameter Settings for User Entity Instance: LIBRERIA_DHT11_REVA:LIBRERIA_DHT11_REVA_inst ;
+----------------+----------+---------------------------------------------------------------+
; Parameter Name ; Value    ; Type                                                          ;
+----------------+----------+---------------------------------------------------------------+
; CLK_FPGA       ; 50000000 ; Signed Integer                                                ;
+----------------+----------+---------------------------------------------------------------+
Note: In order to hide this table in the UI and the text report file, please set the "Show Parameter Settings in Synthesis Report" option in "Analysis and Synthesis Settings -> More Settings" to "Off".


+----------------------------------------------------------------------------------------------------------------+
; Port Connectivity Checks: "LIBRERIA_DHT11_REVA:LIBRERIA_DHT11_REVA_inst"                                       ;
+------+--------+----------+-------------------------------------------------------------------------------------+
; Port ; Type   ; Severity ; Details                                                                             ;
+------+--------+----------+-------------------------------------------------------------------------------------+
; temp ; Output ; Info     ; Connected to dangling logic. Logic that only feeds a dangling port will be removed. ;
+------+--------+----------+-------------------------------------------------------------------------------------+


+-----------------------------------------------------+
; Post-Synthesis Netlist Statistics for Top Partition ;
+-----------------------+-----------------------------+
; Type                  ; Count                       ;
+-----------------------+-----------------------------+
; boundary_port         ; 46                          ;
; cycloneiii_ff         ; 168                         ;
;     CLR               ; 7                           ;
;     ENA               ; 47                          ;
;     ENA CLR           ; 1                           ;
;     SCLR              ; 27                          ;
;     plain             ; 86                          ;
; cycloneiii_io_obuf    ; 1                           ;
; cycloneiii_lcell_comb ; 272                         ;
;     arith             ; 84                          ;
;         2 data inputs ; 62                          ;
;         3 data inputs ; 22                          ;
;     normal            ; 188                         ;
;         1 data inputs ; 9                           ;
;         2 data inputs ; 26                          ;
;         3 data inputs ; 40                          ;
;         4 data inputs ; 113                         ;
;                       ;                             ;
; Max LUT depth         ; 6.00                        ;
; Average LUT depth     ; 3.30                        ;
+-----------------------+-----------------------------+


+-------------------------------+
; Elapsed Time Per Partition    ;
+----------------+--------------+
; Partition Name ; Elapsed Time ;
+----------------+--------------+
; Top            ; 00:00:00     ;
+----------------+--------------+


+-------------------------------+
; Analysis & Synthesis Messages ;
+-------------------------------+
Info: *******************************************************************
Info: Running Quartus Prime Analysis & Synthesis
    Info: Version 23.1std.1 Build 993 05/14/2024 SC Lite Edition
    Info: Processing started: Mon Jan 13 21:20:48 2025
Info: Command: quartus_map --read_settings_files=on --write_settings_files=off V_Processor -c V_Processor
Warning (18236): Number of processors has not been specified which may cause overloading on shared machines.  Set the global assignment NUM_PARALLEL_PROCESSORS in your QSF to an appropriate value for best performance.
Info (20030): Parallel compilation is enabled and will use 4 of the 4 processors detected
Info (12021): Found 2 design units, including 1 entities, in source file v_processor.vhd
    Info (12022): Found design unit 1: V_Processor-Behavioral File: G:/Mi unidad/Octavo/DLP/V_Processor/V_Processor.vhd Line: 58
    Info (12023): Found entity 1: V_Processor File: G:/Mi unidad/Octavo/DLP/V_Processor/V_Processor.vhd Line: 6
Info (12021): Found 2 design units, including 1 entities, in source file ignition.vhd
    Info (12022): Found design unit 1: ignition-Behavioral File: G:/Mi unidad/Octavo/DLP/V_Processor/ignition.vhd Line: 21
    Info (12023): Found entity 1: ignition File: G:/Mi unidad/Octavo/DLP/V_Processor/ignition.vhd Line: 5
Info (12021): Found 2 design units, including 1 entities, in source file interior_lights.vhd
    Info (12022): Found design unit 1: interior_lights-Behavioral File: G:/Mi unidad/Octavo/DLP/V_Processor/interior_lights.vhd Line: 18
    Info (12023): Found entity 1: interior_lights File: G:/Mi unidad/Octavo/DLP/V_Processor/interior_lights.vhd Line: 5
Info (12021): Found 2 design units, including 1 entities, in source file hazard_lights.vhd
    Info (12022): Found design unit 1: hazard_lights-Behavioral File: G:/Mi unidad/Octavo/DLP/V_Processor/hazard_lights.vhd Line: 19
    Info (12023): Found entity 1: hazard_lights File: G:/Mi unidad/Octavo/DLP/V_Processor/hazard_lights.vhd Line: 5
Info (12021): Found 2 design units, including 1 entities, in source file blind_spot_sensors.vhd
    Info (12022): Found design unit 1: blind_spot_sensors-Behavioral File: G:/Mi unidad/Octavo/DLP/V_Processor/blind_spot_sensors.vhd Line: 15
    Info (12023): Found entity 1: blind_spot_sensors File: G:/Mi unidad/Octavo/DLP/V_Processor/blind_spot_sensors.vhd Line: 4
Info (12021): Found 2 design units, including 1 entities, in source file direction_lights.vhd
    Info (12022): Found design unit 1: direction_lights-Behavioral File: G:/Mi unidad/Octavo/DLP/V_Processor/direction_lights.vhd Line: 19
    Info (12023): Found entity 1: direction_lights File: G:/Mi unidad/Octavo/DLP/V_Processor/direction_lights.vhd Line: 5
Info (12021): Found 2 design units, including 1 entities, in source file head_lights.vhd
    Info (12022): Found design unit 1: head_lights-Behavioral File: G:/Mi unidad/Octavo/DLP/V_Processor/head_lights.vhd Line: 18
    Info (12023): Found entity 1: head_lights File: G:/Mi unidad/Octavo/DLP/V_Processor/head_lights.vhd Line: 5
Info (12021): Found 2 design units, including 1 entities, in source file libreria_dht11_reva.vhd
    Info (12022): Found design unit 1: LIBRERIA_DHT11_REVA-Behavioral File: G:/Mi unidad/Octavo/DLP/V_Processor/LIBRERIA_DHT11_REVA.vhd Line: 84
    Info (12023): Found entity 1: LIBRERIA_DHT11_REVA File: G:/Mi unidad/Octavo/DLP/V_Processor/LIBRERIA_DHT11_REVA.vhd Line: 68
Info (12021): Found 2 design units, including 1 entities, in source file data_processor.vhd
    Info (12022): Found design unit 1: Data_Processor-Behavioral File: G:/Mi unidad/Octavo/DLP/V_Processor/Data_Processor.vhd Line: 12
    Info (12023): Found entity 1: Data_Processor File: G:/Mi unidad/Octavo/DLP/V_Processor/Data_Processor.vhd Line: 5
Info (12021): Found 2 design units, including 1 entities, in source file pwm_controller.vhd
    Info (12022): Found design unit 1: PWM_Controller-Behavioral File: G:/Mi unidad/Octavo/DLP/V_Processor/PWM_Controller.vhd Line: 13
    Info (12023): Found entity 1: PWM_Controller File: G:/Mi unidad/Octavo/DLP/V_Processor/PWM_Controller.vhd Line: 5
Info (12127): Elaborating entity "V_Processor" for the top level hierarchy
Warning (10036): Verilog HDL or VHDL warning at V_Processor.vhd(179): object "temp" assigned a value but never read File: G:/Mi unidad/Octavo/DLP/V_Processor/V_Processor.vhd Line: 179
Info (12128): Elaborating entity "ignition" for hierarchy "ignition:ignition_inst" File: G:/Mi unidad/Octavo/DLP/V_Processor/V_Processor.vhd Line: 186
Warning (10492): VHDL Process Statement warning at ignition.vhd(50): signal "pulse" is read inside the Process Statement but isn't in the Process Statement's sensitivity list File: G:/Mi unidad/Octavo/DLP/V_Processor/ignition.vhd Line: 50
Warning (10492): VHDL Process Statement warning at ignition.vhd(51): signal "pulse" is read inside the Process Statement but isn't in the Process Statement's sensitivity list File: G:/Mi unidad/Octavo/DLP/V_Processor/ignition.vhd Line: 51
Warning (10492): VHDL Process Statement warning at ignition.vhd(88): signal "buzzer_state" is read inside the Process Statement but isn't in the Process Statement's sensitivity list File: G:/Mi unidad/Octavo/DLP/V_Processor/ignition.vhd Line: 88
Warning (10492): VHDL Process Statement warning at ignition.vhd(90): signal "seatbelt" is read inside the Process Statement but isn't in the Process Statement's sensitivity list File: G:/Mi unidad/Octavo/DLP/V_Processor/ignition.vhd Line: 90
Warning (10492): VHDL Process Statement warning at ignition.vhd(92): signal "clk2" is read inside the Process Statement but isn't in the Process Statement's sensitivity list File: G:/Mi unidad/Octavo/DLP/V_Processor/ignition.vhd Line: 92
Info (12128): Elaborating entity "interior_lights" for hierarchy "interior_lights:interior_lights_inst" File: G:/Mi unidad/Octavo/DLP/V_Processor/V_Processor.vhd Line: 203
Info (12128): Elaborating entity "hazard_lights" for hierarchy "hazard_lights:hazar_lights_inst" File: G:/Mi unidad/Octavo/DLP/V_Processor/V_Processor.vhd Line: 216
Warning (10492): VHDL Process Statement warning at hazard_lights.vhd(55): signal "clk1" is read inside the Process Statement but isn't in the Process Statement's sensitivity list File: G:/Mi unidad/Octavo/DLP/V_Processor/hazard_lights.vhd Line: 55
Warning (10492): VHDL Process Statement warning at hazard_lights.vhd(56): signal "clk1" is read inside the Process Statement but isn't in the Process Statement's sensitivity list File: G:/Mi unidad/Octavo/DLP/V_Processor/hazard_lights.vhd Line: 56
Info (12128): Elaborating entity "blind_spot_sensors" for hierarchy "blind_spot_sensors:blindspot_sensors_inst" File: G:/Mi unidad/Octavo/DLP/V_Processor/V_Processor.vhd Line: 229
Info (12128): Elaborating entity "direction_lights" for hierarchy "direction_lights:direction_lights_inst" File: G:/Mi unidad/Octavo/DLP/V_Processor/V_Processor.vhd Line: 241
Warning (10492): VHDL Process Statement warning at direction_lights.vhd(29): signal "clk1_d" is read inside the Process Statement but isn't in the Process Statement's sensitivity list File: G:/Mi unidad/Octavo/DLP/V_Processor/direction_lights.vhd Line: 29
Warning (10492): VHDL Process Statement warning at direction_lights.vhd(34): signal "clk1_d" is read inside the Process Statement but isn't in the Process Statement's sensitivity list File: G:/Mi unidad/Octavo/DLP/V_Processor/direction_lights.vhd Line: 34
Info (12128): Elaborating entity "head_lights" for hierarchy "head_lights:head_lights_inst" File: G:/Mi unidad/Octavo/DLP/V_Processor/V_Processor.vhd Line: 255
Info (12128): Elaborating entity "Data_Processor" for hierarchy "Data_Processor:Processor_Inst" File: G:/Mi unidad/Octavo/DLP/V_Processor/V_Processor.vhd Line: 272
Info (12128): Elaborating entity "PWM_Controller" for hierarchy "PWM_Controller:PWM_Inst" File: G:/Mi unidad/Octavo/DLP/V_Processor/V_Processor.vhd Line: 279
Info (12128): Elaborating entity "LIBRERIA_DHT11_REVA" for hierarchy "LIBRERIA_DHT11_REVA:LIBRERIA_DHT11_REVA_inst" File: G:/Mi unidad/Octavo/DLP/V_Processor/V_Processor.vhd Line: 289
Info (13000): Registers with preset signals will power-up high File: G:/Mi unidad/Octavo/DLP/V_Processor/ignition.vhd Line: 29
Info (13003): DEV_CLRn pin will set, and not reset, register with preset signal due to NOT Gate Push-Back
Info (286030): Timing-Driven Synthesis is running
Info (17049): 1 registers lost all their fanouts during netlist optimizations.
Info (16010): Generating hard_block partition "hard_block:auto_generated_inst"
    Info (16011): Adding 0 node(s), including 0 DDIO, 0 PLL, 0 transceiver and 0 LCELL
Info (21057): Implemented 354 device resources after synthesis - the final resource count might be different
    Info (21058): Implemented 23 input pins
    Info (21059): Implemented 22 output pins
    Info (21060): Implemented 1 bidirectional pins
    Info (21061): Implemented 308 logic cells
Info: Quartus Prime Analysis & Synthesis was successful. 0 errors, 11 warnings
    Info: Peak virtual memory: 4806 megabytes
    Info: Processing ended: Mon Jan 13 21:20:59 2025
    Info: Elapsed time: 00:00:11
    Info: Total CPU time (on all processors): 00:00:09


